<?xml version="1.0" encoding="UTF-8"?>
<!-- Generated by org.testng.reporters.JUnitReportReporter -->
<testsuite hostname="PRFY-13379" failures="0" tests="1" name="xbox.testcase.TopGames" time="11.083" errors="0" timestamp="2020-12-02T10:15:55 CST" skipped="0">
  <testcase classname="xbox.testcase.TopGames" name="testGames" time="11.083"/>
  <system-out/>
</testsuite> <!-- xbox.testcase.TopGames -->
