<?xml version="1.0" encoding="UTF-8"?>
<!-- Generated by org.testng.reporters.JUnitReportReporter -->
<testsuite hostname="PRFY-13379" failures="0" tests="1" name="xbox.testcase.TopGamertags" time="14.409" errors="0" timestamp="2020-12-02T10:21:27 CST" skipped="0">
  <testcase classname="xbox.testcase.TopGamertags" name="testGamertags" time="14.409"/>
  <system-out/>
</testsuite> <!-- xbox.testcase.TopGamertags -->
